2017-05-17 21:11:56 - Host: bitrix - UNCAUGHT_EXCEPTION - [Error] 
[] operator not supported for strings (0)
C:\xampp\htdocs\bitrix\www\bitrix\modules\iblock\classes\general\iblockproperty.php:74
#0: CAllIBlockProperty::GetList(array, array)
	C:\xampp\htdocs\bitrix\www\bitrix\modules\iblock\classes\general\comp_pricetools.php:72
#1: CIBlockPriceTools::GetCatalogPrices(integer, array)
	C:\xampp\htdocs\bitrix\www\bitrix\components\bitrix\catalog.top\component.php:380
#2: include(string)
	C:\xampp\htdocs\bitrix\www\bitrix\modules\main\classes\general\component.php:548
#3: CBitrixComponent->__includeComponent()
	C:\xampp\htdocs\bitrix\www\bitrix\modules\main\classes\general\component.php:600
#4: CBitrixComponent->includeComponent(string, array, NULL)
	C:\xampp\htdocs\bitrix\www\bitrix\modules\main\classes\general\main.php:1035
#5: CAllMain->IncludeComponent(string, string, array)
	C:\xampp\htdocs\bitrix\www\index.php:25
----------
2017-05-17 21:12:39 - Host: bitrix - UNCAUGHT_EXCEPTION - [Error] 
[] operator not supported for strings (0)
C:\xampp\htdocs\bitrix\www\bitrix\modules\iblock\classes\general\iblockproperty.php:74
#0: CAllIBlockProperty::GetList(array, array)
	C:\xampp\htdocs\bitrix\www\bitrix\modules\iblock\classes\general\comp_parameters.php:19
#1: CIBlockParameters::getIblockElementProperties(integer)
	C:\xampp\htdocs\bitrix\www\bitrix\modules\iblock\classes\general\comp_parameters.php:533
#2: CIBlockParameters::GetInheritedPropertyTemplateElementMenuItems(integer, string, string, string)
	C:\xampp\htdocs\bitrix\www\bitrix\modules\iblock\admin_tools.php:903
#3: IBlockInheritedPropertyInput(integer, string, array, string)
	C:\xampp\htdocs\bitrix\www\bitrix\modules\iblock\admin\iblock_edit.php:2049
#4: require(string)
	C:\xampp\htdocs\bitrix\www\bitrix\admin\iblock_edit.php:1
----------
2017-05-17 21:12:39 - Host: bitrix - UNCAUGHT_EXCEPTION - [Error] 
[] operator not supported for strings (0)
C:\xampp\htdocs\bitrix\www\bitrix\modules\iblock\classes\general\iblockproperty.php:74
#0: CAllIBlockProperty::GetList(array, array)
	C:\xampp\htdocs\bitrix\www\bitrix\modules\iblock\classes\general\comp_parameters.php:19
#1: CIBlockParameters::getIblockElementProperties(integer)
	C:\xampp\htdocs\bitrix\www\bitrix\modules\iblock\classes\general\comp_parameters.php:533
#2: CIBlockParameters::GetInheritedPropertyTemplateElementMenuItems(integer, string, string, string)
	C:\xampp\htdocs\bitrix\www\bitrix\modules\iblock\admin_tools.php:903
#3: IBlockInheritedPropertyInput(integer, string, array, string)
	C:\xampp\htdocs\bitrix\www\bitrix\modules\iblock\admin\iblock_edit.php:2049
#4: require(string)
	C:\xampp\htdocs\bitrix\www\bitrix\admin\iblock_edit.php:1
----------
2017-05-17 21:13:06 - Host: bitrix - UNCAUGHT_EXCEPTION - [Error] 
[] operator not supported for strings (0)
C:\xampp\htdocs\bitrix\www\bitrix\modules\iblock\classes\general\iblockproperty.php:74
#0: CAllIBlockProperty::GetList(array, array)
	C:\xampp\htdocs\bitrix\www\bitrix\modules\iblock\classes\general\comp_parameters.php:19
#1: CIBlockParameters::getIblockElementProperties(integer)
	C:\xampp\htdocs\bitrix\www\bitrix\modules\iblock\classes\general\comp_parameters.php:533
#2: CIBlockParameters::GetInheritedPropertyTemplateElementMenuItems(integer, string, string, string)
	C:\xampp\htdocs\bitrix\www\bitrix\modules\iblock\admin_tools.php:903
#3: IBlockInheritedPropertyInput(integer, string, array, string)
	C:\xampp\htdocs\bitrix\www\bitrix\modules\iblock\admin\iblock_edit.php:2049
#4: require(string)
	C:\xampp\htdocs\bitrix\www\bitrix\admin\iblock_edit.php:1
----------
2017-05-17 21:13:19 - Host: bitrix - UNCAUGHT_EXCEPTION - [Error] 
[] operator not supported for strings (0)
C:\xampp\htdocs\bitrix\www\bitrix\modules\iblock\classes\general\iblockproperty.php:74
#0: CAllIBlockProperty::GetList(array, array)
	C:\xampp\htdocs\bitrix\www\bitrix\modules\iblock\classes\general\comp_pricetools.php:72
#1: CIBlockPriceTools::GetCatalogPrices(integer, array)
	C:\xampp\htdocs\bitrix\www\bitrix\components\bitrix\catalog.top\component.php:380
#2: include(string)
	C:\xampp\htdocs\bitrix\www\bitrix\modules\main\classes\general\component.php:548
#3: CBitrixComponent->__includeComponent()
	C:\xampp\htdocs\bitrix\www\bitrix\modules\main\classes\general\component.php:600
#4: CBitrixComponent->includeComponent(string, array, NULL)
	C:\xampp\htdocs\bitrix\www\bitrix\modules\main\classes\general\main.php:1035
#5: CAllMain->IncludeComponent(string, string, array)
	C:\xampp\htdocs\bitrix\www\index.php:25
----------
2017-05-17 21:13:48 - Host: bitrix - UNCAUGHT_EXCEPTION - [Error] 
[] operator not supported for strings (0)
C:\xampp\htdocs\bitrix\www\bitrix\modules\iblock\classes\general\iblockproperty.php:74
#0: CAllIBlockProperty::GetList(array, array)
	C:\xampp\htdocs\bitrix\www\bitrix\modules\iblock\classes\general\comp_pricetools.php:72
#1: CIBlockPriceTools::GetCatalogPrices(integer, array)
	C:\xampp\htdocs\bitrix\www\bitrix\components\bitrix\catalog.top\component.php:380
#2: include(string)
	C:\xampp\htdocs\bitrix\www\bitrix\modules\main\classes\general\component.php:548
#3: CBitrixComponent->__includeComponent()
	C:\xampp\htdocs\bitrix\www\bitrix\modules\main\classes\general\component.php:600
#4: CBitrixComponent->includeComponent(string, array, NULL)
	C:\xampp\htdocs\bitrix\www\bitrix\modules\main\classes\general\main.php:1035
#5: CAllMain->IncludeComponent(string, string, array)
	C:\xampp\htdocs\bitrix\www\index.php:25
----------
2017-05-18 19:45:53 - Host: bitrix - UNCAUGHT_EXCEPTION - [Bitrix\Main\DB\ConnectionException] 
Mysql connect error [localhost]: (2002) Подключение не установлено, т.к. конечный компьютер отверг запрос на подключение.
 (400)
C:\xampp\htdocs\bitrix\www\bitrix\modules\main\lib\db\mysqliconnection.php:65
#0: Bitrix\Main\DB\MysqliConnection->connectInternal()
	C:\xampp\htdocs\bitrix\www\bitrix\modules\main\lib\db\mysqliconnection.php:122
#1: Bitrix\Main\DB\MysqliConnection->queryInternal(string, array, NULL)
	C:\xampp\htdocs\bitrix\www\bitrix\modules\main\lib\db\connection.php:329
#2: Bitrix\Main\DB\Connection->query(string)
	C:\xampp\htdocs\bitrix\www\bitrix\modules\main\lib\config\option.php:182
#3: Bitrix\Main\Config\Option::load(string, NULL)
	C:\xampp\htdocs\bitrix\www\bitrix\modules\main\lib\config\option.php:53
#4: Bitrix\Main\Config\Option::get(string, string, string)
	C:\xampp\htdocs\bitrix\www\bitrix\modules\main\lib\httprequest.php:337
#5: Bitrix\Main\HttpRequest->prepareCookie(array)
	C:\xampp\htdocs\bitrix\www\bitrix\modules\main\lib\httprequest.php:63
#6: Bitrix\Main\HttpRequest->__construct(object, array, array, array, array)
	C:\xampp\htdocs\bitrix\www\bitrix\modules\main\lib\httpapplication.php:42
#7: Bitrix\Main\HttpApplication->initializeContext(array)
	C:\xampp\htdocs\bitrix\www\bitrix\modules\main\lib\application.php:122
#8: Bitrix\Main\Application->initializeExtendedKernel(array)
	C:\xampp\htdocs\bitrix\www\bitrix\modules\main\include.php:1
#9: require_once(string)
	C:\xampp\htdocs\bitrix\www\bitrix\modules\main\include\prolog_admin_before.php:18
#10: require_once(string)
	C:\xampp\htdocs\bitrix\www\bitrix\modules\iblock\admin\iblock_list_admin.php:11
#11: require(string)
	C:\xampp\htdocs\bitrix\www\bitrix\admin\iblock_list_admin.php:1
----------
2017-05-18 19:46:14 - Host: bitrix - UNCAUGHT_EXCEPTION - [Bitrix\Main\DB\ConnectionException] 
Mysql connect error [localhost]: (2002) Подключение не установлено, т.к. конечный компьютер отверг запрос на подключение.
 (400)
C:\xampp\htdocs\bitrix\www\bitrix\modules\main\lib\db\mysqliconnection.php:65
#0: Bitrix\Main\DB\MysqliConnection->connectInternal()
	C:\xampp\htdocs\bitrix\www\bitrix\modules\main\lib\db\mysqliconnection.php:122
#1: Bitrix\Main\DB\MysqliConnection->queryInternal(string, array, NULL)
	C:\xampp\htdocs\bitrix\www\bitrix\modules\main\lib\db\connection.php:329
#2: Bitrix\Main\DB\Connection->query(string)
	C:\xampp\htdocs\bitrix\www\bitrix\modules\main\lib\config\option.php:182
#3: Bitrix\Main\Config\Option::load(string, NULL)
	C:\xampp\htdocs\bitrix\www\bitrix\modules\main\lib\config\option.php:53
#4: Bitrix\Main\Config\Option::get(string, string, string)
	C:\xampp\htdocs\bitrix\www\bitrix\modules\main\lib\httprequest.php:337
#5: Bitrix\Main\HttpRequest->prepareCookie(array)
	C:\xampp\htdocs\bitrix\www\bitrix\modules\main\lib\httprequest.php:63
#6: Bitrix\Main\HttpRequest->__construct(object, array, array, array, array)
	C:\xampp\htdocs\bitrix\www\bitrix\modules\main\lib\httpapplication.php:42
#7: Bitrix\Main\HttpApplication->initializeContext(array)
	C:\xampp\htdocs\bitrix\www\bitrix\modules\main\lib\application.php:122
#8: Bitrix\Main\Application->initializeExtendedKernel(array)
	C:\xampp\htdocs\bitrix\www\bitrix\modules\main\include.php:1
#9: require_once(string)
	C:\xampp\htdocs\bitrix\www\bitrix\modules\main\include\prolog_before.php:14
#10: require_once(string)
	C:\xampp\htdocs\bitrix\www\bitrix\modules\main\include\prolog.php:10
#11: require_once(string)
	C:\xampp\htdocs\bitrix\www\bitrix\header.php:1
#12: require(string)
	C:\xampp\htdocs\bitrix\www\index.php:2
----------
2017-05-18 20:07:32 - Host: bitrix - UNCAUGHT_EXCEPTION - [Bitrix\Main\DB\ConnectionException] 
Mysql connect error [localhost]: (2002) Подключение не установлено, т.к. конечный компьютер отверг запрос на подключение.
 (400)
C:\xampp\htdocs\bitrix\www\bitrix\modules\main\lib\db\mysqliconnection.php:65
#0: Bitrix\Main\DB\MysqliConnection->connectInternal()
	C:\xampp\htdocs\bitrix\www\bitrix\modules\main\lib\db\mysqliconnection.php:122
#1: Bitrix\Main\DB\MysqliConnection->queryInternal(string, array, NULL)
	C:\xampp\htdocs\bitrix\www\bitrix\modules\main\lib\db\connection.php:329
#2: Bitrix\Main\DB\Connection->query(string)
	C:\xampp\htdocs\bitrix\www\bitrix\modules\main\lib\config\option.php:182
#3: Bitrix\Main\Config\Option::load(string, NULL)
	C:\xampp\htdocs\bitrix\www\bitrix\modules\main\lib\config\option.php:53
#4: Bitrix\Main\Config\Option::get(string, string, string)
	C:\xampp\htdocs\bitrix\www\bitrix\modules\main\lib\httprequest.php:337
#5: Bitrix\Main\HttpRequest->prepareCookie(array)
	C:\xampp\htdocs\bitrix\www\bitrix\modules\main\lib\httprequest.php:63
#6: Bitrix\Main\HttpRequest->__construct(object, array, array, array, array)
	C:\xampp\htdocs\bitrix\www\bitrix\modules\main\lib\httpapplication.php:42
#7: Bitrix\Main\HttpApplication->initializeContext(array)
	C:\xampp\htdocs\bitrix\www\bitrix\modules\main\lib\application.php:122
#8: Bitrix\Main\Application->initializeExtendedKernel(array)
	C:\xampp\htdocs\bitrix\www\bitrix\modules\main\include.php:1
#9: require_once(string)
	C:\xampp\htdocs\bitrix\www\bitrix\modules\main\include\prolog_before.php:14
#10: require_once(string)
	C:\xampp\htdocs\bitrix\www\bitrix\modules\main\include\prolog.php:10
#11: require_once(string)
	C:\xampp\htdocs\bitrix\www\bitrix\header.php:1
#12: require(string)
	C:\xampp\htdocs\bitrix\www\index.php:2
----------
2017-05-22 13:59:26 - Host: bitrix - UNCAUGHT_EXCEPTION - [Bitrix\Main\DB\ConnectionException] 
Mysql connect error [localhost]: (2002) Подключение не установлено, т.к. конечный компьютер отверг запрос на подключение.
 (400)
C:\xampp\htdocs\bitrix\www\bitrix\modules\main\lib\db\mysqliconnection.php:65
#0: Bitrix\Main\DB\MysqliConnection->connectInternal()
	C:\xampp\htdocs\bitrix\www\bitrix\modules\main\lib\db\mysqliconnection.php:122
#1: Bitrix\Main\DB\MysqliConnection->queryInternal(string, array, NULL)
	C:\xampp\htdocs\bitrix\www\bitrix\modules\main\lib\db\connection.php:329
#2: Bitrix\Main\DB\Connection->query(string)
	C:\xampp\htdocs\bitrix\www\bitrix\modules\main\lib\config\option.php:182
#3: Bitrix\Main\Config\Option::load(string, NULL)
	C:\xampp\htdocs\bitrix\www\bitrix\modules\main\lib\config\option.php:53
#4: Bitrix\Main\Config\Option::get(string, string, string)
	C:\xampp\htdocs\bitrix\www\bitrix\modules\main\lib\httprequest.php:337
#5: Bitrix\Main\HttpRequest->prepareCookie(array)
	C:\xampp\htdocs\bitrix\www\bitrix\modules\main\lib\httprequest.php:63
#6: Bitrix\Main\HttpRequest->__construct(object, array, array, array, array)
	C:\xampp\htdocs\bitrix\www\bitrix\modules\main\lib\httpapplication.php:42
#7: Bitrix\Main\HttpApplication->initializeContext(array)
	C:\xampp\htdocs\bitrix\www\bitrix\modules\main\lib\application.php:122
#8: Bitrix\Main\Application->initializeExtendedKernel(array)
	C:\xampp\htdocs\bitrix\www\bitrix\modules\main\include.php:1
#9: require_once(string)
	C:\xampp\htdocs\bitrix\www\bitrix\modules\main\include\prolog_admin_before.php:18
#10: require_once(string)
	C:\xampp\htdocs\bitrix\www\bitrix\modules\iblock\admin\iblock_edit.php:10
#11: require(string)
	C:\xampp\htdocs\bitrix\www\bitrix\admin\iblock_edit.php:1
----------
2017-05-23 19:53:36 - Host: bitrix - UNCAUGHT_EXCEPTION - [Bitrix\Main\DB\ConnectionException] 
Mysql connect error [localhost]: (2002) Подключение не установлено, т.к. конечный компьютер отверг запрос на подключение.
 (400)
C:\xampp\htdocs\bitrix\www\bitrix\modules\main\lib\db\mysqliconnection.php:65
#0: Bitrix\Main\DB\MysqliConnection->connectInternal()
	C:\xampp\htdocs\bitrix\www\bitrix\modules\main\lib\db\mysqliconnection.php:122
#1: Bitrix\Main\DB\MysqliConnection->queryInternal(string, array, NULL)
	C:\xampp\htdocs\bitrix\www\bitrix\modules\main\lib\db\connection.php:329
#2: Bitrix\Main\DB\Connection->query(string)
	C:\xampp\htdocs\bitrix\www\bitrix\modules\main\lib\config\option.php:182
#3: Bitrix\Main\Config\Option::load(string, NULL)
	C:\xampp\htdocs\bitrix\www\bitrix\modules\main\lib\config\option.php:53
#4: Bitrix\Main\Config\Option::get(string, string, string)
	C:\xampp\htdocs\bitrix\www\bitrix\modules\main\lib\httprequest.php:337
#5: Bitrix\Main\HttpRequest->prepareCookie(array)
	C:\xampp\htdocs\bitrix\www\bitrix\modules\main\lib\httprequest.php:63
#6: Bitrix\Main\HttpRequest->__construct(object, array, array, array, array)
	C:\xampp\htdocs\bitrix\www\bitrix\modules\main\lib\httpapplication.php:42
#7: Bitrix\Main\HttpApplication->initializeContext(array)
	C:\xampp\htdocs\bitrix\www\bitrix\modules\main\lib\application.php:122
#8: Bitrix\Main\Application->initializeExtendedKernel(array)
	C:\xampp\htdocs\bitrix\www\bitrix\modules\main\include.php:1
#9: require_once(string)
	C:\xampp\htdocs\bitrix\www\bitrix\modules\main\include\prolog_before.php:14
#10: require_once(string)
	C:\xampp\htdocs\bitrix\www\bitrix\modules\main\include\prolog.php:10
#11: require_once(string)
	C:\xampp\htdocs\bitrix\www\bitrix\header.php:1
#12: require(string)
	C:\xampp\htdocs\bitrix\www\example.php:2
----------
2017-05-25 21:13:25 - Host: bitrix - UNCAUGHT_EXCEPTION - [ParseError] 
syntax error, unexpected end of file (0)
C:\xampp\htdocs\bitrix\www\bitrix\components\vendor\vendor.company\component.php:480
#0: CBitrixComponent->__includeComponent()
	C:\xampp\htdocs\bitrix\www\bitrix\modules\main\classes\general\component.php:600
#1: CBitrixComponent->includeComponent(string, array, NULL)
	C:\xampp\htdocs\bitrix\www\bitrix\modules\main\classes\general\main.php:1035
#2: CAllMain->IncludeComponent(string, string, array)
	C:\xampp\htdocs\bitrix\www\example.php:69
----------
2017-05-25 21:21:59 - Host: bitrix - UNCAUGHT_EXCEPTION - [ParseError] 
syntax error, unexpected '<', expecting end of file (0)
C:\xampp\htdocs\bitrix\www\bitrix\components\vendor\vendor.company\templates\.default\template.php:27
#0: CBitrixComponentTemplate->__IncludePHPTemplate(array, array, string)
	C:\xampp\htdocs\bitrix\www\bitrix\modules\main\classes\general\component_template.php:806
#1: CBitrixComponentTemplate->IncludeTemplate(array)
	C:\xampp\htdocs\bitrix\www\bitrix\modules\main\classes\general\component.php:681
#2: CBitrixComponent->showComponentTemplate()
	C:\xampp\htdocs\bitrix\www\bitrix\modules\main\classes\general\component.php:629
#3: CBitrixComponent->includeComponentTemplate()
	C:\xampp\htdocs\bitrix\www\bitrix\components\vendor\vendor.company\component.php:437
#4: include(string)
	C:\xampp\htdocs\bitrix\www\bitrix\modules\main\classes\general\component.php:548
#5: CBitrixComponent->__includeComponent()
	C:\xampp\htdocs\bitrix\www\bitrix\modules\main\classes\general\component.php:600
#6: CBitrixComponent->includeComponent(string, array, NULL)
	C:\xampp\htdocs\bitrix\www\bitrix\modules\main\classes\general\main.php:1035
#7: CAllMain->IncludeComponent(string, string, array)
	C:\xampp\htdocs\bitrix\www\example.php:69
----------
2017-05-25 21:22:03 - Host: bitrix - UNCAUGHT_EXCEPTION - [ParseError] 
syntax error, unexpected '<', expecting end of file (0)
C:\xampp\htdocs\bitrix\www\bitrix\components\vendor\vendor.company\templates\.default\template.php:27
#0: CBitrixComponentTemplate->__IncludePHPTemplate(array, array, string)
	C:\xampp\htdocs\bitrix\www\bitrix\modules\main\classes\general\component_template.php:806
#1: CBitrixComponentTemplate->IncludeTemplate(array)
	C:\xampp\htdocs\bitrix\www\bitrix\modules\main\classes\general\component.php:681
#2: CBitrixComponent->showComponentTemplate()
	C:\xampp\htdocs\bitrix\www\bitrix\modules\main\classes\general\component.php:629
#3: CBitrixComponent->includeComponentTemplate()
	C:\xampp\htdocs\bitrix\www\bitrix\components\vendor\vendor.company\component.php:437
#4: include(string)
	C:\xampp\htdocs\bitrix\www\bitrix\modules\main\classes\general\component.php:548
#5: CBitrixComponent->__includeComponent()
	C:\xampp\htdocs\bitrix\www\bitrix\modules\main\classes\general\component.php:600
#6: CBitrixComponent->includeComponent(string, array, NULL)
	C:\xampp\htdocs\bitrix\www\bitrix\modules\main\classes\general\main.php:1035
#7: CAllMain->IncludeComponent(string, string, array)
	C:\xampp\htdocs\bitrix\www\example.php:69
----------
2017-05-28 17:07:59 - Host: bitrix - UNCAUGHT_EXCEPTION - [Bitrix\Main\DB\ConnectionException] 
Mysql connect error [localhost]: (2002) Подключение не установлено, т.к. конечный компьютер отверг запрос на подключение.
 (400)
C:\xampp\htdocs\bitrix\www\bitrix\modules\main\lib\db\mysqliconnection.php:65
#0: Bitrix\Main\DB\MysqliConnection->connectInternal()
	C:\xampp\htdocs\bitrix\www\bitrix\modules\main\lib\db\mysqliconnection.php:122
#1: Bitrix\Main\DB\MysqliConnection->queryInternal(string, array, NULL)
	C:\xampp\htdocs\bitrix\www\bitrix\modules\main\lib\db\connection.php:329
#2: Bitrix\Main\DB\Connection->query(string)
	C:\xampp\htdocs\bitrix\www\bitrix\modules\main\lib\config\option.php:182
#3: Bitrix\Main\Config\Option::load(string, NULL)
	C:\xampp\htdocs\bitrix\www\bitrix\modules\main\lib\config\option.php:53
#4: Bitrix\Main\Config\Option::get(string, string, string)
	C:\xampp\htdocs\bitrix\www\bitrix\modules\main\lib\httprequest.php:337
#5: Bitrix\Main\HttpRequest->prepareCookie(array)
	C:\xampp\htdocs\bitrix\www\bitrix\modules\main\lib\httprequest.php:63
#6: Bitrix\Main\HttpRequest->__construct(object, array, array, array, array)
	C:\xampp\htdocs\bitrix\www\bitrix\modules\main\lib\httpapplication.php:42
#7: Bitrix\Main\HttpApplication->initializeContext(array)
	C:\xampp\htdocs\bitrix\www\bitrix\modules\main\lib\application.php:122
#8: Bitrix\Main\Application->initializeExtendedKernel(array)
	C:\xampp\htdocs\bitrix\www\bitrix\modules\main\include.php:1
#9: require_once(string)
	C:\xampp\htdocs\bitrix\www\bitrix\modules\main\include\prolog_before.php:14
#10: require_once(string)
	C:\xampp\htdocs\bitrix\www\bitrix\modules\main\include\prolog.php:10
#11: require_once(string)
	C:\xampp\htdocs\bitrix\www\bitrix\header.php:1
#12: require(string)
	C:\xampp\htdocs\bitrix\www\example.php:2
----------
2017-05-28 17:08:10 - Host: bitrix - UNCAUGHT_EXCEPTION - [Bitrix\Main\DB\ConnectionException] 
Mysql connect error [localhost]: (2002) Подключение не установлено, т.к. конечный компьютер отверг запрос на подключение.
 (400)
C:\xampp\htdocs\bitrix\www\bitrix\modules\main\lib\db\mysqliconnection.php:65
#0: Bitrix\Main\DB\MysqliConnection->connectInternal()
	C:\xampp\htdocs\bitrix\www\bitrix\modules\main\lib\db\mysqliconnection.php:122
#1: Bitrix\Main\DB\MysqliConnection->queryInternal(string, array, NULL)
	C:\xampp\htdocs\bitrix\www\bitrix\modules\main\lib\db\connection.php:329
#2: Bitrix\Main\DB\Connection->query(string)
	C:\xampp\htdocs\bitrix\www\bitrix\modules\main\lib\config\option.php:182
#3: Bitrix\Main\Config\Option::load(string, NULL)
	C:\xampp\htdocs\bitrix\www\bitrix\modules\main\lib\config\option.php:53
#4: Bitrix\Main\Config\Option::get(string, string, string)
	C:\xampp\htdocs\bitrix\www\bitrix\modules\main\lib\httprequest.php:337
#5: Bitrix\Main\HttpRequest->prepareCookie(array)
	C:\xampp\htdocs\bitrix\www\bitrix\modules\main\lib\httprequest.php:63
#6: Bitrix\Main\HttpRequest->__construct(object, array, array, array, array)
	C:\xampp\htdocs\bitrix\www\bitrix\modules\main\lib\httpapplication.php:42
#7: Bitrix\Main\HttpApplication->initializeContext(array)
	C:\xampp\htdocs\bitrix\www\bitrix\modules\main\lib\application.php:122
#8: Bitrix\Main\Application->initializeExtendedKernel(array)
	C:\xampp\htdocs\bitrix\www\bitrix\modules\main\include.php:1
#9: require_once(string)
	C:\xampp\htdocs\bitrix\www\bitrix\modules\main\include\prolog_before.php:14
#10: require_once(string)
	C:\xampp\htdocs\bitrix\www\bitrix\modules\main\include\prolog.php:10
#11: require_once(string)
	C:\xampp\htdocs\bitrix\www\bitrix\header.php:1
#12: require(string)
	C:\xampp\htdocs\bitrix\www\example.php:2
----------
2017-05-28 17:08:21 - Host: bitrix - UNCAUGHT_EXCEPTION - [Bitrix\Main\DB\ConnectionException] 
Mysql connect error [localhost]: (2002) Подключение не установлено, т.к. конечный компьютер отверг запрос на подключение.
 (400)
C:\xampp\htdocs\bitrix\www\bitrix\modules\main\lib\db\mysqliconnection.php:65
#0: Bitrix\Main\DB\MysqliConnection->connectInternal()
	C:\xampp\htdocs\bitrix\www\bitrix\modules\main\lib\db\mysqliconnection.php:122
#1: Bitrix\Main\DB\MysqliConnection->queryInternal(string, array, NULL)
	C:\xampp\htdocs\bitrix\www\bitrix\modules\main\lib\db\connection.php:329
#2: Bitrix\Main\DB\Connection->query(string)
	C:\xampp\htdocs\bitrix\www\bitrix\modules\main\lib\config\option.php:182
#3: Bitrix\Main\Config\Option::load(string, NULL)
	C:\xampp\htdocs\bitrix\www\bitrix\modules\main\lib\config\option.php:53
#4: Bitrix\Main\Config\Option::get(string, string, string)
	C:\xampp\htdocs\bitrix\www\bitrix\modules\main\lib\httprequest.php:337
#5: Bitrix\Main\HttpRequest->prepareCookie(array)
	C:\xampp\htdocs\bitrix\www\bitrix\modules\main\lib\httprequest.php:63
#6: Bitrix\Main\HttpRequest->__construct(object, array, array, array, array)
	C:\xampp\htdocs\bitrix\www\bitrix\modules\main\lib\httpapplication.php:42
#7: Bitrix\Main\HttpApplication->initializeContext(array)
	C:\xampp\htdocs\bitrix\www\bitrix\modules\main\lib\application.php:122
#8: Bitrix\Main\Application->initializeExtendedKernel(array)
	C:\xampp\htdocs\bitrix\www\bitrix\modules\main\include.php:1
#9: require_once(string)
	C:\xampp\htdocs\bitrix\www\bitrix\modules\main\include\prolog_before.php:14
#10: require_once(string)
	C:\xampp\htdocs\bitrix\www\bitrix\modules\main\include\prolog.php:10
#11: require_once(string)
	C:\xampp\htdocs\bitrix\www\bitrix\header.php:1
#12: require(string)
	C:\xampp\htdocs\bitrix\www\example.php:2
----------
2017-05-29 13:00:53 - Host: bitrix - UNCAUGHT_EXCEPTION - [Bitrix\Main\DB\ConnectionException] 
Mysql connect error [localhost]: (2002) Подключение не установлено, т.к. конечный компьютер отверг запрос на подключение.
 (400)
C:\xampp\htdocs\bitrix\www\bitrix\modules\main\lib\db\mysqliconnection.php:65
#0: Bitrix\Main\DB\MysqliConnection->connectInternal()
	C:\xampp\htdocs\bitrix\www\bitrix\modules\main\lib\db\mysqliconnection.php:122
#1: Bitrix\Main\DB\MysqliConnection->queryInternal(string, array, NULL)
	C:\xampp\htdocs\bitrix\www\bitrix\modules\main\lib\db\connection.php:329
#2: Bitrix\Main\DB\Connection->query(string)
	C:\xampp\htdocs\bitrix\www\bitrix\modules\main\lib\config\option.php:182
#3: Bitrix\Main\Config\Option::load(string, NULL)
	C:\xampp\htdocs\bitrix\www\bitrix\modules\main\lib\config\option.php:53
#4: Bitrix\Main\Config\Option::get(string, string, string)
	C:\xampp\htdocs\bitrix\www\bitrix\modules\main\lib\httprequest.php:337
#5: Bitrix\Main\HttpRequest->prepareCookie(array)
	C:\xampp\htdocs\bitrix\www\bitrix\modules\main\lib\httprequest.php:63
#6: Bitrix\Main\HttpRequest->__construct(object, array, array, array, array)
	C:\xampp\htdocs\bitrix\www\bitrix\modules\main\lib\httpapplication.php:42
#7: Bitrix\Main\HttpApplication->initializeContext(array)
	C:\xampp\htdocs\bitrix\www\bitrix\modules\main\lib\application.php:122
#8: Bitrix\Main\Application->initializeExtendedKernel(array)
	C:\xampp\htdocs\bitrix\www\bitrix\modules\main\include.php:1
#9: require_once(string)
	C:\xampp\htdocs\bitrix\www\bitrix\modules\main\include\prolog_before.php:14
#10: require_once(string)
	C:\xampp\htdocs\bitrix\www\bitrix\modules\main\include\prolog.php:10
#11: require_once(string)
	C:\xampp\htdocs\bitrix\www\bitrix\header.php:1
#12: require(string)
	C:\xampp\htdocs\bitrix\www\example.php:2
----------
2017-05-29 19:47:56 - Host: bitrix - UNCAUGHT_EXCEPTION - [ParseError] 
syntax error, unexpected 'if' (T_IF), expecting ')' (0)
C:\xampp\htdocs\bitrix\www\bitrix\components\vendor\vendor\component.php:19
#0: CBitrixComponent->__includeComponent()
	C:\xampp\htdocs\bitrix\www\bitrix\modules\main\classes\general\component.php:600
#1: CBitrixComponent->includeComponent(string, array, NULL)
	C:\xampp\htdocs\bitrix\www\bitrix\modules\main\classes\general\main.php:1035
#2: CAllMain->IncludeComponent(string, string, array)
	C:\xampp\htdocs\bitrix\www\index.php:72
#3: include_once(string)
	C:\xampp\htdocs\bitrix\www\bitrix\modules\main\include\urlrewrite.php:159
#4: include_once(string)
	C:\xampp\htdocs\bitrix\www\bitrix\urlrewrite.php:2
----------
2017-05-29 21:38:09 - Host: bitrix - UNCAUGHT_EXCEPTION - [Error] 
Class 'app\components\Tools' not found (0)
C:\xampp\htdocs\bitrix\www\bitrix\components\vendor\vendor\component.php:26
#0: include
	C:\xampp\htdocs\bitrix\www\bitrix\modules\main\classes\general\component.php:548
#1: CBitrixComponent->__includeComponent()
	C:\xampp\htdocs\bitrix\www\bitrix\modules\main\classes\general\component.php:600
#2: CBitrixComponent->includeComponent(string, array, NULL)
	C:\xampp\htdocs\bitrix\www\bitrix\modules\main\classes\general\main.php:1035
#3: CAllMain->IncludeComponent(string, string, array)
	C:\xampp\htdocs\bitrix\www\index.php:39
#4: include_once(string)
	C:\xampp\htdocs\bitrix\www\bitrix\modules\main\include\urlrewrite.php:159
#5: include_once(string)
	C:\xampp\htdocs\bitrix\www\bitrix\urlrewrite.php:2
----------
2017-05-29 21:42:19 - Host: bitrix - UNCAUGHT_EXCEPTION - [Error] 
Class 'vendor\Tools' not found (0)
C:\xampp\htdocs\bitrix\www\bitrix\components\vendor\vendor\component.php:27
#0: include
	C:\xampp\htdocs\bitrix\www\bitrix\modules\main\classes\general\component.php:548
#1: CBitrixComponent->__includeComponent()
	C:\xampp\htdocs\bitrix\www\bitrix\modules\main\classes\general\component.php:600
#2: CBitrixComponent->includeComponent(string, array, NULL)
	C:\xampp\htdocs\bitrix\www\bitrix\modules\main\classes\general\main.php:1035
#3: CAllMain->IncludeComponent(string, string, array)
	C:\xampp\htdocs\bitrix\www\index.php:39
#4: include_once(string)
	C:\xampp\htdocs\bitrix\www\bitrix\modules\main\include\urlrewrite.php:159
#5: include_once(string)
	C:\xampp\htdocs\bitrix\www\bitrix\urlrewrite.php:2
----------
2017-05-29 21:42:41 - Host: bitrix - UNCAUGHT_EXCEPTION - [Error] 
Class 'vendor\Tools' not found (0)
C:\xampp\htdocs\bitrix\www\bitrix\components\vendor\vendor\component.php:27
#0: include
	C:\xampp\htdocs\bitrix\www\bitrix\modules\main\classes\general\component.php:548
#1: CBitrixComponent->__includeComponent()
	C:\xampp\htdocs\bitrix\www\bitrix\modules\main\classes\general\component.php:600
#2: CBitrixComponent->includeComponent(string, array, NULL)
	C:\xampp\htdocs\bitrix\www\bitrix\modules\main\classes\general\main.php:1035
#3: CAllMain->IncludeComponent(string, string, array)
	C:\xampp\htdocs\bitrix\www\index.php:39
#4: include_once(string)
	C:\xampp\htdocs\bitrix\www\bitrix\modules\main\include\urlrewrite.php:159
#5: include_once(string)
	C:\xampp\htdocs\bitrix\www\bitrix\urlrewrite.php:2
----------
2017-05-30 13:07:58 - Host: bitrix - UNCAUGHT_EXCEPTION - [Bitrix\Main\DB\ConnectionException] 
Mysql connect error [localhost]: (2002) Подключение не установлено, т.к. конечный компьютер отверг запрос на подключение.
 (400)
C:\xampp\htdocs\bitrix\www\bitrix\modules\main\lib\db\mysqliconnection.php:65
#0: Bitrix\Main\DB\MysqliConnection->connectInternal()
	C:\xampp\htdocs\bitrix\www\bitrix\modules\main\lib\db\mysqliconnection.php:122
#1: Bitrix\Main\DB\MysqliConnection->queryInternal(string, array, NULL)
	C:\xampp\htdocs\bitrix\www\bitrix\modules\main\lib\db\connection.php:329
#2: Bitrix\Main\DB\Connection->query(string)
	C:\xampp\htdocs\bitrix\www\bitrix\modules\main\lib\config\option.php:182
#3: Bitrix\Main\Config\Option::load(string, NULL)
	C:\xampp\htdocs\bitrix\www\bitrix\modules\main\lib\config\option.php:53
#4: Bitrix\Main\Config\Option::get(string, string, string)
	C:\xampp\htdocs\bitrix\www\bitrix\modules\main\lib\httprequest.php:337
#5: Bitrix\Main\HttpRequest->prepareCookie(array)
	C:\xampp\htdocs\bitrix\www\bitrix\modules\main\lib\httprequest.php:63
#6: Bitrix\Main\HttpRequest->__construct(object, array, array, array, array)
	C:\xampp\htdocs\bitrix\www\bitrix\modules\main\lib\httpapplication.php:42
#7: Bitrix\Main\HttpApplication->initializeContext(array)
	C:\xampp\htdocs\bitrix\www\bitrix\modules\main\lib\application.php:122
#8: Bitrix\Main\Application->initializeExtendedKernel(array)
	C:\xampp\htdocs\bitrix\www\bitrix\modules\main\include.php:1
#9: require_once(string)
	C:\xampp\htdocs\bitrix\www\bitrix\modules\main\include\prolog_before.php:14
#10: require_once(string)
	C:\xampp\htdocs\bitrix\www\bitrix\modules\main\include\prolog.php:10
#11: require_once(string)
	C:\xampp\htdocs\bitrix\www\bitrix\header.php:1
#12: require(string)
	C:\xampp\htdocs\bitrix\www\vendor.php:2
#13: include_once(string)
	C:\xampp\htdocs\bitrix\www\bitrix\modules\main\include\urlrewrite.php:159
#14: include_once(string)
	C:\xampp\htdocs\bitrix\www\bitrix\urlrewrite.php:2
----------
2017-05-30 14:41:17 - Host: bitrix - UNCAUGHT_EXCEPTION - [Error] 
Class 'CIBlockElement' not found (0)
C:\xampp\htdocs\bitrix\www\bitrix\components\vendor\vendor\templates\.default\company.php:15
#0: include
	C:\xampp\htdocs\bitrix\www\bitrix\modules\main\classes\general\component_template.php:714
#1: CBitrixComponentTemplate->__IncludePHPTemplate(array, array, string)
	C:\xampp\htdocs\bitrix\www\bitrix\modules\main\classes\general\component_template.php:806
#2: CBitrixComponentTemplate->IncludeTemplate(array)
	C:\xampp\htdocs\bitrix\www\bitrix\modules\main\classes\general\component.php:681
#3: CBitrixComponent->showComponentTemplate()
	C:\xampp\htdocs\bitrix\www\bitrix\modules\main\classes\general\component.php:629
#4: CBitrixComponent->includeComponentTemplate(string)
	C:\xampp\htdocs\bitrix\www\bitrix\components\vendor\vendor\component.php:78
#5: include(string)
	C:\xampp\htdocs\bitrix\www\bitrix\modules\main\classes\general\component.php:548
#6: CBitrixComponent->__includeComponent()
	C:\xampp\htdocs\bitrix\www\bitrix\modules\main\classes\general\component.php:600
#7: CBitrixComponent->includeComponent(string, array, NULL)
	C:\xampp\htdocs\bitrix\www\bitrix\modules\main\classes\general\main.php:1035
#8: CAllMain->IncludeComponent(string, string, array)
	C:\xampp\htdocs\bitrix\www\vendor.php:8
#9: include_once(string)
	C:\xampp\htdocs\bitrix\www\bitrix\modules\main\include\urlrewrite.php:159
#10: include_once(string)
	C:\xampp\htdocs\bitrix\www\bitrix\urlrewrite.php:2
----------
